2024-05-26 13:33:28,030 - ERROR - Ошибка преобразования даты: time data 'March 14, 1879' does not match format '%Y-%m-%d'
2024-05-26 13:35:05,101 - ERROR - Ошибка преобразования даты: time data 'March 14, 1879' does not match format '%d, %B, %Y'
2024-05-26 13:35:25,039 - ERROR - Ошибка преобразования даты: time data 'March 14, 1879' does not match format '%B, %d, %Y'
2024-05-26 13:36:04,104 - ERROR - Ошибка преобразования даты: time data 'March 14, 1879' does not match format '%d, %B, %Y'
2024-05-26 13:44:07,330 - ERROR - Ошибка преобразования даты: time data 'March 14, 1879' does not match format '%B, %d, %Y'
2024-05-26 13:44:24,460 - ERROR - Unexpected error: ValidationError (Author:None) (StringField only accepts string values: ['born_date'])
2024-05-26 13:44:24,466 - ERROR - Unexpected error: ValidationError (Author:None) (StringField only accepts string values: ['born_date'])
2024-05-26 20:19:18,302 - ERROR - Unexpected error: localhost:27017: [Errno 111] Connection refused (configured timeouts: socketTimeoutMS: 20000.0ms, connectTimeoutMS: 20000.0ms), Timeout: 30s, Topology Description: <TopologyDescription id: 66536ef89134c60149eab195, topology_type: Unknown, servers: [<ServerDescription ('localhost', 27017) server_type: Unknown, rtt: None, error=AutoReconnect('localhost:27017: [Errno 111] Connection refused (configured timeouts: socketTimeoutMS: 20000.0ms, connectTimeoutMS: 20000.0ms)')>]>
2024-05-26 22:03:27,765 - ERROR - Multiple authors found with fullname 'Albert Einstein'.
2024-05-26 22:03:27,878 - ERROR - Multiple authors found with fullname 'Albert Einstein'.
2024-05-26 22:03:27,984 - ERROR - Multiple authors found with fullname 'Albert Einstein'.
2024-05-26 22:03:28,097 - ERROR - Multiple authors found with fullname 'Steve Martin'.
2024-05-26 22:27:22,539 - ERROR - Multiple authors found with fullname 'Albert Einstein'.
2024-05-26 22:27:22,734 - ERROR - Multiple authors found with fullname 'Albert Einstein'.
2024-05-26 22:27:22,833 - ERROR - Multiple authors found with fullname 'Steve Martin'.
2024-05-26 22:48:18,223 - ERROR - Unexpected error: cannot encode object: datetime.date(1879, 3, 14), of type: <class 'datetime.date'>
2024-05-26 22:48:18,513 - ERROR - Unexpected error: cannot encode object: datetime.date(1945, 8, 14), of type: <class 'datetime.date'>
2024-05-26 22:49:39,535 - ERROR - Multiple authors found with fullname 'Albert Einstein'.
2024-05-26 22:49:39,631 - ERROR - Multiple authors found with fullname 'Albert Einstein'.
2024-05-26 22:49:39,730 - ERROR - Multiple authors found with fullname 'Albert Einstein'.
2024-05-26 22:49:39,830 - ERROR - Multiple authors found with fullname 'Steve Martin'.
2024-05-26 22:55:45,114 - ERROR - Multiple authors found with fullname 'Albert Einstein'.
2024-05-26 22:55:45,413 - ERROR - Multiple authors found with fullname 'Steve Martin'.
2024-05-26 23:07:34,707 - ERROR - Unexpected error: ValidationError (Author:None) (cannot parse date "March 14, 1879": ['born_date'])
2024-05-26 23:07:34,708 - ERROR - Unexpected error: ValidationError (Author:None) (cannot parse date "August 14, 1945": ['born_date'])
2024-05-26 23:08:44,118 - ERROR - Multiple authors found with fullname 'Albert Einstein'.
2024-05-26 23:08:44,221 - ERROR - Multiple authors found with fullname 'Albert Einstein'.
2024-05-26 23:08:44,321 - ERROR - Multiple authors found with fullname 'Albert Einstein'.
2024-05-26 23:08:44,418 - ERROR - Multiple authors found with fullname 'Steve Martin'.
2024-05-26 23:09:23,505 - ERROR - Multiple authors found with fullname 'Albert Einstein'.
